  GSPlay.cpp
C:\Users\MY PC\source\repos\nminh\MiniGameStarter\TrainingFramework\src\GameStates\GSPlay.cpp(66,45): warning C4244: 'argument': conversion from 'int' to 'GLfloat', possible loss of data
E:\VisualStudio\VC\Tools\MSVC\14.32.31326\include\xutility(149,77): warning C4244: 'argument': conversion from '_Ty' to 'float', possible loss of data
          with
          [
              _Ty=double
          ]
E:\VisualStudio\VC\Tools\MSVC\14.32.31326\include\memory(2018): message : see reference to function template instantiation 'void std::_Construct_in_place<_Ty,std::shared_ptr<Shader>&,std::shared_ptr<Font>&,const char(&)[5],TextColor,double>(_Ty &,std::shared_ptr<Shader> &,std::shared_ptr<Font> &,const char (&)[5],TextColor &&,double &&) noexcept(false)' being compiled
          with
          [
              _Ty=Text
          ]
E:\VisualStudio\VC\Tools\MSVC\14.32.31326\include\memory(2730): message : see reference to function template instantiation 'std::_Ref_count_obj2<_Ty>::_Ref_count_obj2<std::shared_ptr<Shader>&,std::shared_ptr<Font>&,const char(&)[5],TextColor,double>(std::shared_ptr<Shader> &,std::shared_ptr<Font> &,const char (&)[5],TextColor &&,double &&)' being compiled
          with
          [
              _Ty=Text
          ]
E:\VisualStudio\VC\Tools\MSVC\14.32.31326\include\memory(2730): message : see reference to function template instantiation 'std::_Ref_count_obj2<_Ty>::_Ref_count_obj2<std::shared_ptr<Shader>&,std::shared_ptr<Font>&,const char(&)[5],TextColor,double>(std::shared_ptr<Shader> &,std::shared_ptr<Font> &,const char (&)[5],TextColor &&,double &&)' being compiled
          with
          [
              _Ty=Text
          ]
C:\Users\MY PC\source\repos\nminh\MiniGameStarter\TrainingFramework\src\GameStates\GSPlay.cpp(76): message : see reference to function template instantiation 'std::shared_ptr<Text> std::make_shared<Text,std::shared_ptr<Shader>&,std::shared_ptr<Font>&,const char(&)[5],TextColor,double>(std::shared_ptr<Shader> &,std::shared_ptr<Font> &,const char (&)[5],TextColor &&,double &&)' being compiled
  TrainingFramework.vcxproj -> C:\Users\MY PC\source\repos\nminh\MiniGameStarter\BIN-Nvidia\TrainingFramework.exe
