  Application.cpp
E:\VisualStudio\VC\Tools\MSVC\14.32.31326\include\xutility(149,77): warning C4244: 'argument': conversion from 'int' to 'GLfloat', possible loss of data
E:\VisualStudio\VC\Tools\MSVC\14.32.31326\include\memory(2018): message : see reference to function template instantiation 'void std::_Construct_in_place<_Ty,int,int,int&,int,int&,float,float,float>(_Ty &,int &&,int &&,int &,int &&,int &,float &&,float &&,float &&) noexcept(false)' being compiled
          with
          [
              _Ty=Camera
          ]
E:\VisualStudio\VC\Tools\MSVC\14.32.31326\include\memory(2730): message : see reference to function template instantiation 'std::_Ref_count_obj2<_Ty>::_Ref_count_obj2<int,int,int&,int,int&,float,float,float>(int &&,int &&,int &,int &&,int &,float &&,float &&,float &&)' being compiled
          with
          [
              _Ty=Camera
          ]
E:\VisualStudio\VC\Tools\MSVC\14.32.31326\include\memory(2730): message : see reference to function template instantiation 'std::_Ref_count_obj2<_Ty>::_Ref_count_obj2<int,int,int&,int,int&,float,float,float>(int &&,int &&,int &,int &&,int &,float &&,float &&,float &&)' being compiled
          with
          [
              _Ty=Camera
          ]
C:\Users\MY PC\source\repos\nminh\MiniGameStarter\TrainingFramework\src\Application.cpp(20): message : see reference to function template instantiation 'std::shared_ptr<Camera> std::make_shared<Camera,int,int,int&,int,int&,float,float,float>(int &&,int &&,int &,int &&,int &,float &&,float &&,float &&)' being compiled
E:\VisualStudio\VC\Tools\MSVC\14.32.31326\include\xutility(149,77): warning C4244: 'argument': conversion from '_Ty' to 'GLfloat', possible loss of data
          with
          [
              _Ty=int
          ]
  ResourceManagers.cpp
  Font.cpp
  GameButton.cpp
  Obstacle.cpp
  Player.cpp
  Sprite2D.cpp
C:\Users\MY PC\source\repos\nminh\MiniGameStarter\TrainingFramework\src\GameObject\Sprite2D.cpp(126,24): warning C4244: 'argument': conversion from 'GLint' to 'GLfloat', possible loss of data
C:\Users\MY PC\source\repos\nminh\MiniGameStarter\TrainingFramework\src\GameObject\Sprite2D.cpp(126,14): warning C4244: 'argument': conversion from 'GLint' to 'GLfloat', possible loss of data
  Camera.cpp
  Sprite3D.cpp
  Model.cpp
C:\Users\MY PC\source\repos\nminh\MiniGameStarter\TrainingFramework\src\GameObject\Model.cpp(25,18): warning C4244: 'initializing': conversion from 'std::streamoff' to 'size_t', possible loss of data
  Shader.cpp
  SpriteAnimation.cpp
C:\Users\MY PC\source\repos\nminh\MiniGameStarter\TrainingFramework\src\GameObject\SpriteAnimation.cpp(82,39): warning C4244: 'argument': conversion from 'GLint' to 'GLfloat', possible loss of data
C:\Users\MY PC\source\repos\nminh\MiniGameStarter\TrainingFramework\src\GameObject\SpriteAnimation.cpp(87,39): warning C4244: 'argument': conversion from 'GLint' to 'GLfloat', possible loss of data
C:\Users\MY PC\source\repos\nminh\MiniGameStarter\TrainingFramework\src\GameObject\SpriteAnimation.cpp(92,39): warning C4244: 'argument': conversion from 'GLint' to 'GLfloat', possible loss of data
C:\Users\MY PC\source\repos\nminh\MiniGameStarter\TrainingFramework\src\GameObject\SpriteAnimation.cpp(97,39): warning C4244: 'argument': conversion from 'GLint' to 'GLfloat', possible loss of data
  Text.cpp
  Texture.cpp
  GameStateBase.cpp
  GameStateMachine.cpp
  GSIntro.cpp
  GSMenu.cpp
C:\Users\MY PC\source\repos\nminh\MiniGameStarter\TrainingFramework\src\GameStates\GSMenu.cpp(24,78): warning C4244: 'argument': conversion from 'int' to 'GLfloat', possible loss of data
C:\Users\MY PC\source\repos\nminh\MiniGameStarter\TrainingFramework\src\GameStates\GSMenu.cpp(24,51): warning C4244: 'argument': conversion from 'int' to 'GLfloat', possible loss of data
C:\Users\MY PC\source\repos\nminh\MiniGameStarter\TrainingFramework\src\GameStates\GSMenu.cpp(32,72): warning C4244: 'argument': conversion from 'int' to 'GLfloat', possible loss of data
C:\Users\MY PC\source\repos\nminh\MiniGameStarter\TrainingFramework\src\GameStates\GSMenu.cpp(32,45): warning C4244: 'argument': conversion from 'int' to 'GLfloat', possible loss of data
C:\Users\MY PC\source\repos\nminh\MiniGameStarter\TrainingFramework\src\GameStates\GSMenu.cpp(42,45): warning C4244: 'argument': conversion from 'int' to 'GLfloat', possible loss of data
C:\Users\MY PC\source\repos\nminh\MiniGameStarter\TrainingFramework\src\GameStates\GSMenu.cpp(53,92): warning C4244: 'argument': conversion from 'int' to 'GLfloat', possible loss of data
C:\Users\MY PC\source\repos\nminh\MiniGameStarter\TrainingFramework\src\GameStates\GSMenu.cpp(53,57): warning C4244: 'argument': conversion from 'int' to 'GLfloat', possible loss of data
E:\VisualStudio\VC\Tools\MSVC\14.32.31326\include\xutility(149,77): warning C4244: 'argument': conversion from '_Ty' to 'float', possible loss of data
          with
          [
              _Ty=double
          ]
E:\VisualStudio\VC\Tools\MSVC\14.32.31326\include\memory(2018): message : see reference to function template instantiation 'void std::_Construct_in_place<_Ty,std::shared_ptr<Shader>&,std::shared_ptr<Font>&,const char(&)[17],TextColor,double>(_Ty &,std::shared_ptr<Shader> &,std::shared_ptr<Font> &,const char (&)[17],TextColor &&,double &&) noexcept(false)' being compiled
          with
          [
              _Ty=Text
          ]
E:\VisualStudio\VC\Tools\MSVC\14.32.31326\include\memory(2730): message : see reference to function template instantiation 'std::_Ref_count_obj2<_Ty>::_Ref_count_obj2<std::shared_ptr<Shader>&,std::shared_ptr<Font>&,const char(&)[17],TextColor,double>(std::shared_ptr<Shader> &,std::shared_ptr<Font> &,const char (&)[17],TextColor &&,double &&)' being compiled
          with
          [
              _Ty=Text
          ]
E:\VisualStudio\VC\Tools\MSVC\14.32.31326\include\memory(2730): message : see reference to function template instantiation 'std::_Ref_count_obj2<_Ty>::_Ref_count_obj2<std::shared_ptr<Shader>&,std::shared_ptr<Font>&,const char(&)[17],TextColor,double>(std::shared_ptr<Shader> &,std::shared_ptr<Font> &,const char (&)[17],TextColor &&,double &&)' being compiled
          with
          [
              _Ty=Text
          ]
C:\Users\MY PC\source\repos\nminh\MiniGameStarter\TrainingFramework\src\GameStates\GSMenu.cpp(52): message : see reference to function template instantiation 'std::shared_ptr<Text> std::make_shared<Text,std::shared_ptr<Shader>&,std::shared_ptr<Font>&,const char(&)[17],TextColor,double>(std::shared_ptr<Shader> &,std::shared_ptr<Font> &,const char (&)[17],TextColor &&,double &&)' being compiled
  GSPlay.cpp
C:\Users\MY PC\source\repos\nminh\MiniGameStarter\TrainingFramework\src\GameStates\GSPlay.cpp(93,45): warning C4244: 'argument': conversion from 'int' to 'GLfloat', possible loss of data
C:\Users\MY PC\source\repos\nminh\MiniGameStarter\TrainingFramework\src\GameStates\GSPlay.cpp(269,88): warning C4244: 'argument': conversion from 'int' to 'GLfloat', possible loss of data
C:\Users\MY PC\source\repos\nminh\MiniGameStarter\TrainingFramework\src\GameStates\GSPlay.cpp(269,55): warning C4244: 'argument': conversion from 'int' to 'GLfloat', possible loss of data
C:\Users\MY PC\source\repos\nminh\MiniGameStarter\TrainingFramework\src\GameStates\GSPlay.cpp(305,21): warning C4018: '<': signed/unsigned mismatch
C:\Users\MY PC\source\repos\nminh\MiniGameStarter\TrainingFramework\src\GameStates\GSPlay.cpp(320,21): warning C4018: '<': signed/unsigned mismatch
C:\Users\MY PC\source\repos\nminh\MiniGameStarter\TrainingFramework\src\GameStates\GSPlay.cpp(325,81): warning C4244: 'argument': conversion from 'int' to 'GLfloat', possible loss of data
C:\Users\MY PC\source\repos\nminh\MiniGameStarter\TrainingFramework\src\GameStates\GSPlay.cpp(325,54): warning C4244: 'argument': conversion from 'int' to 'GLfloat', possible loss of data
C:\Users\MY PC\source\repos\nminh\MiniGameStarter\TrainingFramework\src\GameStates\GSPlay.cpp(393,20): warning C4018: '<': signed/unsigned mismatch
E:\VisualStudio\VC\Tools\MSVC\14.32.31326\include\xutility(149,77): warning C4244: 'argument': conversion from '_Ty' to 'float', possible loss of data
          with
          [
              _Ty=double
          ]
E:\VisualStudio\VC\Tools\MSVC\14.32.31326\include\memory(2018): message : see reference to function template instantiation 'void std::_Construct_in_place<_Ty,std::shared_ptr<Shader>&,std::shared_ptr<Font>&,std::basic_string<char,std::char_traits<char>,std::allocator<char>>,TextColor,double>(_Ty &,std::shared_ptr<Shader> &,std::shared_ptr<Font> &,std::basic_string<char,std::char_traits<char>,std::allocator<char>> &&,TextColor &&,double &&) noexcept(false)' being compiled
          with
          [
              _Ty=Text
          ]
E:\VisualStudio\VC\Tools\MSVC\14.32.31326\include\memory(2730): message : see reference to function template instantiation 'std::_Ref_count_obj2<_Ty>::_Ref_count_obj2<std::shared_ptr<Shader>&,std::shared_ptr<Font>&,std::basic_string<char,std::char_traits<char>,std::allocator<char>>,TextColor,double>(std::shared_ptr<Shader> &,std::shared_ptr<Font> &,std::basic_string<char,std::char_traits<char>,std::allocator<char>> &&,TextColor &&,double &&)' being compiled
          with
          [
              _Ty=Text
          ]
E:\VisualStudio\VC\Tools\MSVC\14.32.31326\include\memory(2730): message : see reference to function template instantiation 'std::_Ref_count_obj2<_Ty>::_Ref_count_obj2<std::shared_ptr<Shader>&,std::shared_ptr<Font>&,std::basic_string<char,std::char_traits<char>,std::allocator<char>>,TextColor,double>(std::shared_ptr<Shader> &,std::shared_ptr<Font> &,std::basic_string<char,std::char_traits<char>,std::allocator<char>> &&,TextColor &&,double &&)' being compiled
          with
          [
              _Ty=Text
          ]
C:\Users\MY PC\source\repos\nminh\MiniGameStarter\TrainingFramework\src\GameStates\GSPlay.cpp(263): message : see reference to function template instantiation 'std::shared_ptr<Text> std::make_shared<Text,std::shared_ptr<Shader>&,std::shared_ptr<Font>&,std::basic_string<char,std::char_traits<char>,std::allocator<char>>,TextColor,double>(std::shared_ptr<Shader> &,std::shared_ptr<Font> &,std::basic_string<char,std::char_traits<char>,std::allocator<char>> &&,TextColor &&,double &&)' being compiled
  TrainingFramework.cpp
  Previous IPDB not found, fall back to full compilation.
LINK : warning LNK4098: defaultlib 'LIBCMT' conflicts with use of other libs; use /NODEFAULTLIB:library
  Generating code
  All 1695 functions were compiled because no usable IPDB/IOBJ from previous compilation was found.
  Finished generating code
  TrainingFramework.vcxproj -> C:\Users\MY PC\source\repos\nminh\MiniGameStarter\BIN-Nvidia\TrainingFramework.exe
